{"uuid":"cashback;validar-botao-ver-duvidas-frequentes-de-resgate-com-sucesso","historyId":"3d3d5ce55b6ed167ecc63aadb71027f8","labels":[{"name":"feature","value":"Cashback"},{"name":"story","value":"Validar botao Ver Duvidas Frequentes de resgate com sucesso"},{"name":"tag","value":"wip"},{"name":"tag","value":"test"},{"name":"host","value":"DBC-000559"},{"name":"package","value":"Cashback"},{"name":"suite","value":"Cashback"},{"name":"testClass","value":"Validar botao Ver Duvidas Frequentes de resgate com sucesso"},{"name":"thread","value":"16712@DBC-000559.main(1)"}],"links":[],"name":"Validar botao Ver Duvidas Frequentes de resgate com sucesso","status":"failed","statusDetails":{"known":false,"muted":false,"flaky":false,"message":"element click intercepted: Element is not clickable at point (682, 4128)\n  (Session info: chrome=107.0.5304.107)\nBuild info: version: '3.141.59', revision: 'e82be7d358', time: '2018-11-14T08:17:03'\nSystem info: host: 'DBC-000559', ip: '172.29.48.1', os.name: 'Windows 10', os.arch: 'amd64', os.version: '10.0', java.version: '1.8.0_352'\nDriver info: org.openqa.selenium.chrome.ChromeDriver\nCapabilities {acceptInsecureCerts: false, browserName: chrome, browserVersion: 107.0.5304.107, chrome: {chromedriverVersion: 107.0.5304.62 (1eec40d3a576..., userDataDir: C:\\Users\\JACIAN~1.SAN\\AppDa...}, goog:chromeOptions: {debuggerAddress: localhost:57642}, javascriptEnabled: true, networkConnectionEnabled: false, pageLoadStrategy: normal, platform: WINDOWS, platformName: WINDOWS, proxy: Proxy(), setWindowRect: true, strictFileInteractability: false, timeouts: {implicit: 0, pageLoad: 300000, script: 30000}, unhandledPromptBehavior: dismiss and notify, webauthn:extension:credBlob: true, webauthn:extension:largeBlob: true, webauthn:virtualAuthenticators: true}\nSession ID: db7798c03009f9b2f30bc5f341d7ba0e","trace":"org.openqa.selenium.ElementClickInterceptedException: element click intercepted: Element is not clickable at point (682, 4128)\n  (Session info: chrome=107.0.5304.107)\nBuild info: version: '3.141.59', revision: 'e82be7d358', time: '2018-11-14T08:17:03'\nSystem info: host: 'DBC-000559', ip: '172.29.48.1', os.name: 'Windows 10', os.arch: 'amd64', os.version: '10.0', java.version: '1.8.0_352'\nDriver info: org.openqa.selenium.chrome.ChromeDriver\nCapabilities {acceptInsecureCerts: false, browserName: chrome, browserVersion: 107.0.5304.107, chrome: {chromedriverVersion: 107.0.5304.62 (1eec40d3a576..., userDataDir: C:\\Users\\JACIAN~1.SAN\\AppDa...}, goog:chromeOptions: {debuggerAddress: localhost:57642}, javascriptEnabled: true, networkConnectionEnabled: false, pageLoadStrategy: normal, platform: WINDOWS, platformName: WINDOWS, proxy: Proxy(), setWindowRect: true, strictFileInteractability: false, timeouts: {implicit: 0, pageLoad: 300000, script: 30000}, unhandledPromptBehavior: dismiss and notify, webauthn:extension:credBlob: true, webauthn:extension:largeBlob: true, webauthn:virtualAuthenticators: true}\nSession ID: db7798c03009f9b2f30bc5f341d7ba0e\r\n\tat sun.reflect.NativeConstructorAccessorImpl.newInstance0(Native Method)\r\n\tat sun.reflect.NativeConstructorAccessorImpl.newInstance(NativeConstructorAccessorImpl.java:62)\r\n\tat sun.reflect.DelegatingConstructorAccessorImpl.newInstance(DelegatingConstructorAccessorImpl.java:45)\r\n\tat java.lang.reflect.Constructor.newInstance(Constructor.java:423)\r\n\tat org.openqa.selenium.remote.http.W3CHttpResponseCodec.createException(W3CHttpResponseCodec.java:187)\r\n\tat org.openqa.selenium.remote.http.W3CHttpResponseCodec.decode(W3CHttpResponseCodec.java:122)\r\n\tat org.openqa.selenium.remote.http.W3CHttpResponseCodec.decode(W3CHttpResponseCodec.java:49)\r\n\tat org.openqa.selenium.remote.HttpCommandExecutor.execute(HttpCommandExecutor.java:158)\r\n\tat org.openqa.selenium.remote.service.DriverCommandExecutor.execute(DriverCommandExecutor.java:83)\r\n\tat org.openqa.selenium.remote.RemoteWebDriver.execute(RemoteWebDriver.java:552)\r\n\tat org.openqa.selenium.remote.RemoteWebElement.execute(RemoteWebElement.java:285)\r\n\tat org.openqa.selenium.remote.RemoteWebElement.click(RemoteWebElement.java:84)\r\n\tat br.com.buscape.pages.BasePage.click(BasePage.java:11)\r\n\tat br.com.buscape.pages.CashbackPage.clicarNoBotaoVerDuvidasFrequentesDeResgate(CashbackPage.java:47)\r\n\tat br.com.buscape.steps.CashbackSteps.clicarBotaoVerDuvidasFrequentesDeResgate(CashbackSteps.java:35)\r\n\tat ✽.E clico no botão Ver Dúvidas Frequentes de resgate(Cashback.feature:25)\r\n"},"stage":"finished","steps":[{"name":"BaseSteps.abrirNavegador()","status":"passed","stage":"finished","steps":[],"attachments":[],"parameters":[],"start":1668218768510,"stop":1668218768510},{"name":"Dado  que estou na página Home","status":"passed","stage":"finished","steps":[],"attachments":[],"parameters":[],"start":1668218768514,"stop":1668218768515},{"name":"Quando  acesso Cashback","status":"passed","stage":"finished","steps":[{"name":"Clicar em Cashback","status":"passed","stage":"finished","steps":[],"attachments":[],"parameters":[],"start":1668218768515,"stop":1668218768673}],"attachments":[],"parameters":[],"start":1668218768515,"stop":1668218768675},{"name":"E  clico no botão Ver Dúvidas Frequentes de resgate","status":"failed","stage":"finished","steps":[{"name":"Clicar no botão 'Ver dúvidas frequentes' de resgate","status":"broken","statusDetails":{"known":false,"muted":false,"flaky":false,"message":"element click intercepted: Element is not clickable at point (682, 4128)\n  (Session info: chrome=107.0.5304.107)\nBuild info: version: '3.141.59', revision: 'e82be7d358', time: '2018-11-14T08:17:03'\nSystem info: host: 'DBC-000559', ip: '172.29.48.1', os.name: 'Windows 10', os.arch: 'amd64', os.version: '10.0', java.version: '1.8.0_352'\nDriver info: org.openqa.selenium.chrome.ChromeDriver\nCapabilities {acceptInsecureCerts: false, browserName: chrome, browserVersion: 107.0.5304.107, chrome: {chromedriverVersion: 107.0.5304.62 (1eec40d3a576..., userDataDir: C:\\Users\\JACIAN~1.SAN\\AppDa...}, goog:chromeOptions: {debuggerAddress: localhost:57642}, javascriptEnabled: true, networkConnectionEnabled: false, pageLoadStrategy: normal, platform: WINDOWS, platformName: WINDOWS, proxy: Proxy(), setWindowRect: true, strictFileInteractability: false, timeouts: {implicit: 0, pageLoad: 300000, script: 30000}, unhandledPromptBehavior: dismiss and notify, webauthn:extension:credBlob: true, webauthn:extension:largeBlob: true, webauthn:virtualAuthenticators: true}\nSession ID: db7798c03009f9b2f30bc5f341d7ba0e","trace":"org.openqa.selenium.ElementClickInterceptedException: element click intercepted: Element is not clickable at point (682, 4128)\n  (Session info: chrome=107.0.5304.107)\nBuild info: version: '3.141.59', revision: 'e82be7d358', time: '2018-11-14T08:17:03'\nSystem info: host: 'DBC-000559', ip: '172.29.48.1', os.name: 'Windows 10', os.arch: 'amd64', os.version: '10.0', java.version: '1.8.0_352'\nDriver info: org.openqa.selenium.chrome.ChromeDriver\nCapabilities {acceptInsecureCerts: false, browserName: chrome, browserVersion: 107.0.5304.107, chrome: {chromedriverVersion: 107.0.5304.62 (1eec40d3a576..., userDataDir: C:\\Users\\JACIAN~1.SAN\\AppDa...}, goog:chromeOptions: {debuggerAddress: localhost:57642}, javascriptEnabled: true, networkConnectionEnabled: false, pageLoadStrategy: normal, platform: WINDOWS, platformName: WINDOWS, proxy: Proxy(), setWindowRect: true, strictFileInteractability: false, timeouts: {implicit: 0, pageLoad: 300000, script: 30000}, unhandledPromptBehavior: dismiss and notify, webauthn:extension:credBlob: true, webauthn:extension:largeBlob: true, webauthn:virtualAuthenticators: true}\nSession ID: db7798c03009f9b2f30bc5f341d7ba0e\r\n\tat sun.reflect.NativeConstructorAccessorImpl.newInstance0(Native Method)\r\n\tat sun.reflect.NativeConstructorAccessorImpl.newInstance(NativeConstructorAccessorImpl.java:62)\r\n\tat sun.reflect.DelegatingConstructorAccessorImpl.newInstance(DelegatingConstructorAccessorImpl.java:45)\r\n\tat java.lang.reflect.Constructor.newInstance(Constructor.java:423)\r\n\tat org.openqa.selenium.remote.http.W3CHttpResponseCodec.createException(W3CHttpResponseCodec.java:187)\r\n\tat org.openqa.selenium.remote.http.W3CHttpResponseCodec.decode(W3CHttpResponseCodec.java:122)\r\n\tat org.openqa.selenium.remote.http.W3CHttpResponseCodec.decode(W3CHttpResponseCodec.java:49)\r\n\tat org.openqa.selenium.remote.HttpCommandExecutor.execute(HttpCommandExecutor.java:158)\r\n\tat org.openqa.selenium.remote.service.DriverCommandExecutor.execute(DriverCommandExecutor.java:83)\r\n\tat org.openqa.selenium.remote.RemoteWebDriver.execute(RemoteWebDriver.java:552)\r\n\tat org.openqa.selenium.remote.RemoteWebElement.execute(RemoteWebElement.java:285)\r\n\tat org.openqa.selenium.remote.RemoteWebElement.click(RemoteWebElement.java:84)\r\n\tat br.com.buscape.pages.BasePage.click(BasePage.java:11)\r\n\tat br.com.buscape.pages.CashbackPage.clicarNoBotaoVerDuvidasFrequentesDeResgate(CashbackPage.java:47)\r\n\tat br.com.buscape.steps.CashbackSteps.clicarBotaoVerDuvidasFrequentesDeResgate(CashbackSteps.java:35)\r\n\tat sun.reflect.NativeMethodAccessorImpl.invoke0(Native Method)\r\n\tat sun.reflect.NativeMethodAccessorImpl.invoke(NativeMethodAccessorImpl.java:62)\r\n\tat sun.reflect.DelegatingMethodAccessorImpl.invoke(DelegatingMethodAccessorImpl.java:43)\r\n\tat java.lang.reflect.Method.invoke(Method.java:498)\r\n\tat cucumber.runtime.Utils$1.call(Utils.java:40)\r\n\tat cucumber.runtime.Timeout.timeout(Timeout.java:16)\r\n\tat cucumber.runtime.Utils.invoke(Utils.java:34)\r\n\tat cucumber.runtime.java.JavaStepDefinition.execute(JavaStepDefinition.java:38)\r\n\tat cucumber.runtime.StepDefinitionMatch.runStep(StepDefinitionMatch.java:37)\r\n\tat cucumber.runtime.Runtime.runStep(Runtime.java:300)\r\n\tat cucumber.runtime.model.StepContainer.runStep(StepContainer.java:44)\r\n\tat cucumber.runtime.model.StepContainer.runSteps(StepContainer.java:39)\r\n\tat cucumber.runtime.model.CucumberScenario.run(CucumberScenario.java:44)\r\n\tat cucumber.runtime.junit.ExecutionUnitRunner.run(ExecutionUnitRunner.java:102)\r\n\tat cucumber.runtime.junit.FeatureRunner.runChild(FeatureRunner.java:63)\r\n\tat cucumber.runtime.junit.FeatureRunner.runChild(FeatureRunner.java:18)\r\n\tat org.junit.runners.ParentRunner$4.run(ParentRunner.java:331)\r\n\tat org.junit.runners.ParentRunner$1.schedule(ParentRunner.java:79)\r\n\tat org.junit.runners.ParentRunner.runChildren(ParentRunner.java:329)\r\n\tat org.junit.runners.ParentRunner.access$100(ParentRunner.java:66)\r\n\tat org.junit.runners.ParentRunner$2.evaluate(ParentRunner.java:293)\r\n\tat org.junit.runners.ParentRunner$3.evaluate(ParentRunner.java:306)\r\n\tat org.junit.runners.ParentRunner.run(ParentRunner.java:413)\r\n\tat cucumber.runtime.junit.FeatureRunner.run(FeatureRunner.java:70)\r\n\tat cucumber.api.junit.Cucumber.runChild(Cucumber.java:95)\r\n\tat cucumber.api.junit.Cucumber.runChild(Cucumber.java:38)\r\n\tat org.junit.runners.ParentRunner$4.run(ParentRunner.java:331)\r\n\tat org.junit.runners.ParentRunner$1.schedule(ParentRunner.java:79)\r\n\tat org.junit.runners.ParentRunner.runChildren(ParentRunner.java:329)\r\n\tat org.junit.runners.ParentRunner.access$100(ParentRunner.java:66)\r\n\tat org.junit.runners.ParentRunner$2.evaluate(ParentRunner.java:293)\r\n\tat org.junit.runners.ParentRunner$3.evaluate(ParentRunner.java:306)\r\n\tat org.junit.runners.ParentRunner.run(ParentRunner.java:413)\r\n\tat cucumber.api.junit.Cucumber.run(Cucumber.java:100)\r\n\tat org.junit.runner.JUnitCore.run(JUnitCore.java:137)\r\n\tat com.intellij.junit4.JUnit4IdeaTestRunner.startRunnerWithArgs(JUnit4IdeaTestRunner.java:69)\r\n\tat com.intellij.rt.junit.IdeaTestRunner$Repeater$1.execute(IdeaTestRunner.java:38)\r\n\tat com.intellij.rt.execution.junit.TestsRepeater.repeat(TestsRepeater.java:11)\r\n\tat com.intellij.rt.junit.IdeaTestRunner$Repeater.startRunnerWithArgs(IdeaTestRunner.java:35)\r\n\tat com.intellij.rt.junit.JUnitStarter.prepareStreamsAndStart(JUnitStarter.java:235)\r\n\tat com.intellij.rt.junit.JUnitStarter.main(JUnitStarter.java:54)\r\n"},"stage":"finished","steps":[],"attachments":[],"parameters":[],"start":1668218768677,"stop":1668218771491}],"attachments":[],"parameters":[],"start":1668218768676,"stop":1668218771501},{"name":"Entao  devo ser redirecionado para a tela de Ver Dúvidas Frequentes de Resgate","status":"skipped","stage":"finished","steps":[],"attachments":[],"parameters":[],"start":1668218771503,"stop":1668218771509},{"name":"BaseSteps.fecharNavegador()","status":"passed","stage":"finished","steps":[],"attachments":[],"parameters":[],"start":1668218772274,"stop":1668218772274}],"attachments":[],"parameters":[],"start":1668218763187,"stop":1668218772274}